<?xml version="1.0" encoding="UTF-8"?>
<!-- Generated by org.testng.reporters.JUnitReportReporter -->
<testsuite hostname="LAPTOP-HEMJET64" failures="0" tests="1" name="day1.HttpRequests" time="0.142" errors="0" timestamp="2024-02-16T17:27:50 IST" skipped="0">
  <testcase classname="day1.HttpRequests" name="getUsers" time="0.142"/>
</testsuite> <!-- day1.HttpRequests -->
