<?xml version="1.0" encoding="UTF-8"?>
<!-- Generated by org.testng.reporters.JUnitReportReporter -->
<testsuite hostname="LAPTOP-HEMJET64" failures="0" tests="2" name="day1.JSONSchemaValidation" time="0.205" errors="0" timestamp="2024-02-16T17:27:50 IST" skipped="0">
  <testcase classname="day1.JSONSchemaValidation" name="convertJson" time="0.186"/>
  <testcase classname="day1.JSONSchemaValidation" name="jsonConvert" time="0.019"/>
</testsuite> <!-- day1.JSONSchemaValidation -->
