<?xml version="1.0" encoding="UTF-8"?>
<!-- Generated by org.testng.reporters.JUnitReportReporter -->
<testsuite hostname="LAPTOP-HEMJET64" failures="0" tests="2" name="day1.cookiesDemo" time="1.155" errors="0" timestamp="2024-02-16T17:27:50 IST" skipped="0">
  <testcase classname="day1.cookiesDemo" name="getCookiesInfo" time="0.552"/>
  <testcase classname="day1.cookiesDemo" name="testCookie" time="0.603"/>
</testsuite> <!-- day1.cookiesDemo -->
